生成启动时间为 2016/4/7 20:43:52。
     1>项目“D:\FANGZHEN\RadiationOfSun\RadiationOfSun\RadiationOfSun.vcxproj”在节点 2 上(build 个目标)。
     1>InitializeBuildStatus:
         正在创建“Debug\RadiationOfSun.unsuccessfulbuild”，因为已指定“AlwaysCreate”。
       GenerateTargetFrameworkMonikerAttribute:
       正在跳过目标“GenerateTargetFrameworkMonikerAttribute”，因为所有输出文件相对于输入文件而言都是最新的。
       ClCompile:
         D:\Program Files (x86)\Microsoft Visual Studio 10.0\VC\bin\CL.exe /c /AI"C:\Program Files (x86)\Reference Assemblies\Microsoft\Framework\.NETFramework\v4.0" /Zi /clr /nologo /W3 /WX- /Od /Oy- /D WIN32 /D _DEBUG /D _CONSOLE /D _UNICODE /D UNICODE /EHa /MDd /GS /fp:precise /Zc:wchar_t /Zc:forScope /Fo"Debug\\" /Fd"Debug\vc100.pdb" /TP /FUD:\FANGZHEN\RadiationOfSun\RadiationOfSun\ATMLUT.dll /FUX:\IpcCommu.dll /FU"C:\Program Files (x86)\Reference Assemblies\Microsoft\Framework\.NETFramework\v4.0\System.Core.dll" /FU"C:\Program Files (x86)\Reference Assemblies\Microsoft\Framework\.NETFramework\v4.0\System.dll" /FU"C:\Program Files (x86)\Reference Assemblies\Microsoft\Framework\.NETFramework\v4.0\System.Xml.dll" /FU"C:\Program Files (x86)\Reference Assemblies\Microsoft\Framework\.NETFramework\v4.0\System.Xml.Linq.dll" /analyze- /errorReport:prompt IRmodule.cpp Model.cpp RadiationOfSun.cpp TriangleFace.cpp Util.cpp public.cpp tinystr.cpp tinyxml.cpp tinyxmlerror.cpp tinyxmlparser.cpp /clr:nostdlib 
         IRmodule.cpp
     1>d:\fangzhen\radiationofsun\radiationofsun\Util.h(19): warning C4305: “初始化”: 从“double”到“const float”截断
     1>IRmodule.cpp(143): warning C4018: “<”: 有符号/无符号不匹配
         Model.cpp
     1>d:\fangzhen\radiationofsun\radiationofsun\Util.h(19): warning C4305: “初始化”: 从“double”到“const float”截断
     1>Model.cpp(54): warning C4996: 'sscanf': This function or variable may be unsafe. Consider using sscanf_s instead. To disable deprecation, use _CRT_SECURE_NO_WARNINGS. See online help for details.
                 D:\Program Files (x86)\Microsoft Visual Studio 10.0\VC\include\stdio.h(325) : 参见“sscanf”的声明
     1>Model.cpp(61): warning C4996: 'sscanf': This function or variable may be unsafe. Consider using sscanf_s instead. To disable deprecation, use _CRT_SECURE_NO_WARNINGS. See online help for details.
                 D:\Program Files (x86)\Microsoft Visual Studio 10.0\VC\include\stdio.h(325) : 参见“sscanf”的声明
     1>Model.cpp(67): warning C4996: 'sscanf': This function or variable may be unsafe. Consider using sscanf_s instead. To disable deprecation, use _CRT_SECURE_NO_WARNINGS. See online help for details.
                 D:\Program Files (x86)\Microsoft Visual Studio 10.0\VC\include\stdio.h(325) : 参见“sscanf”的声明
     1>Model.cpp(82): warning C4996: 'sscanf': This function or variable may be unsafe. Consider using sscanf_s instead. To disable deprecation, use _CRT_SECURE_NO_WARNINGS. See online help for details.
                 D:\Program Files (x86)\Microsoft Visual Studio 10.0\VC\include\stdio.h(325) : 参见“sscanf”的声明
     1>Model.cpp(158): warning C4996: 'sscanf': This function or variable may be unsafe. Consider using sscanf_s instead. To disable deprecation, use _CRT_SECURE_NO_WARNINGS. See online help for details.
                 D:\Program Files (x86)\Microsoft Visual Studio 10.0\VC\include\stdio.h(325) : 参见“sscanf”的声明
     1>Model.cpp(165): warning C4996: 'sscanf': This function or variable may be unsafe. Consider using sscanf_s instead. To disable deprecation, use _CRT_SECURE_NO_WARNINGS. See online help for details.
                 D:\Program Files (x86)\Microsoft Visual Studio 10.0\VC\include\stdio.h(325) : 参见“sscanf”的声明
         RadiationOfSun.cpp
     1>d:\fangzhen\radiationofsun\radiationofsun\Util.h(19): warning C4305: “初始化”: 从“double”到“const float”截断
     1>RadiationOfSun.cpp(66): warning C4244: “初始化”: 从“float”转换到“int”，可能丢失数据
     1>RadiationOfSun.cpp(69): warning C4244: “初始化”: 从“double”转换到“float”，可能丢失数据
     1>RadiationOfSun.cpp(106): warning C4018: “<”: 有符号/无符号不匹配
     1>RadiationOfSun.cpp(180): warning C4018: “<”: 有符号/无符号不匹配
     1>RadiationOfSun.cpp(99): warning C4101: “sunFile”: 未引用的局部变量
     1>RadiationOfSun.cpp(175): warning C4101: “skyFile”: 未引用的局部变量
         TriangleFace.cpp
         Util.cpp
     1>d:\fangzhen\radiationofsun\radiationofsun\Util.h(19): warning C4305: “初始化”: 从“double”到“const float”截断
     1>Util.cpp(15): warning C4244: “return”: 从“double”转换到“float”，可能丢失数据
     1>Util.cpp(25): warning C4244: “return”: 从“double”转换到“float”，可能丢失数据
     1>Util.cpp(35): warning C4244: “return”: 从“double”转换到“float”，可能丢失数据
     1>Util.cpp(65): warning C4996: 'sscanf': This function or variable may be unsafe. Consider using sscanf_s instead. To disable deprecation, use _CRT_SECURE_NO_WARNINGS. See online help for details.
                 D:\Program Files (x86)\Microsoft Visual Studio 10.0\VC\include\stdio.h(325) : 参见“sscanf”的声明
     1>Util.cpp(77): warning C4244: “=”: 从“LONGLONG”转换到“int”，可能丢失数据
     1>Util.cpp(172): warning C4244: “=”: 从“double”转换到“float”，可能丢失数据
     1>Util.cpp(176): warning C4244: “=”: 从“double”转换到“float”，可能丢失数据
     1>Util.cpp(188): warning C4244: “=”: 从“double”转换到“float”，可能丢失数据
     1>Util.cpp(296): warning C4996: 'sscanf': This function or variable may be unsafe. Consider using sscanf_s instead. To disable deprecation, use _CRT_SECURE_NO_WARNINGS. See online help for details.
                 D:\Program Files (x86)\Microsoft Visual Studio 10.0\VC\include\stdio.h(325) : 参见“sscanf”的声明
     1>Util.cpp(331): warning C4244: “=”: 从“double”转换到“float”，可能丢失数据
     1>Util.cpp(335): warning C4244: “=”: 从“double”转换到“float”，可能丢失数据
     1>Util.cpp(401): warning C4996: 'sscanf': This function or variable may be unsafe. Consider using sscanf_s instead. To disable deprecation, use _CRT_SECURE_NO_WARNINGS. See online help for details.
                 D:\Program Files (x86)\Microsoft Visual Studio 10.0\VC\include\stdio.h(325) : 参见“sscanf”的声明
     1>Util.cpp(408): warning C4996: 'sscanf': This function or variable may be unsafe. Consider using sscanf_s instead. To disable deprecation, use _CRT_SECURE_NO_WARNINGS. See online help for details.
                 D:\Program Files (x86)\Microsoft Visual Studio 10.0\VC\include\stdio.h(325) : 参见“sscanf”的声明
     1>Util.cpp(415): warning C4996: 'sscanf': This function or variable may be unsafe. Consider using sscanf_s instead. To disable deprecation, use _CRT_SECURE_NO_WARNINGS. See online help for details.
                 D:\Program Files (x86)\Microsoft Visual Studio 10.0\VC\include\stdio.h(325) : 参见“sscanf”的声明
     1>Util.cpp(425): warning C4996: 'sscanf': This function or variable may be unsafe. Consider using sscanf_s instead. To disable deprecation, use _CRT_SECURE_NO_WARNINGS. See online help for details.
                 D:\Program Files (x86)\Microsoft Visual Studio 10.0\VC\include\stdio.h(325) : 参见“sscanf”的声明
     1>Util.cpp(432): warning C4996: 'sscanf': This function or variable may be unsafe. Consider using sscanf_s instead. To disable deprecation, use _CRT_SECURE_NO_WARNINGS. See online help for details.
                 D:\Program Files (x86)\Microsoft Visual Studio 10.0\VC\include\stdio.h(325) : 参见“sscanf”的声明
     1>Util.cpp(439): warning C4996: 'sscanf': This function or variable may be unsafe. Consider using sscanf_s instead. To disable deprecation, use _CRT_SECURE_NO_WARNINGS. See online help for details.
                 D:\Program Files (x86)\Microsoft Visual Studio 10.0\VC\include\stdio.h(325) : 参见“sscanf”的声明
     1>Util.cpp(449): warning C4996: 'sscanf': This function or variable may be unsafe. Consider using sscanf_s instead. To disable deprecation, use _CRT_SECURE_NO_WARNINGS. See online help for details.
                 D:\Program Files (x86)\Microsoft Visual Studio 10.0\VC\include\stdio.h(325) : 参见“sscanf”的声明
     1>Util.cpp(456): warning C4996: 'sscanf': This function or variable may be unsafe. Consider using sscanf_s instead. To disable deprecation, use _CRT_SECURE_NO_WARNINGS. See online help for details.
                 D:\Program Files (x86)\Microsoft Visual Studio 10.0\VC\include\stdio.h(325) : 参见“sscanf”的声明
     1>Util.cpp(463): warning C4996: 'sscanf': This function or variable may be unsafe. Consider using sscanf_s instead. To disable deprecation, use _CRT_SECURE_NO_WARNINGS. See online help for details.
                 D:\Program Files (x86)\Microsoft Visual Studio 10.0\VC\include\stdio.h(325) : 参见“sscanf”的声明
     1>Util.cpp(531): warning C4018: “<”: 有符号/无符号不匹配
     1>Util.cpp(620): warning C4996: 'fopen': This function or variable may be unsafe. Consider using fopen_s instead. To disable deprecation, use _CRT_SECURE_NO_WARNINGS. See online help for details.
                 D:\Program Files (x86)\Microsoft Visual Studio 10.0\VC\include\stdio.h(234) : 参见“fopen”的声明
     1>Util.cpp(661): warning C4996: 'sscanf': This function or variable may be unsafe. Consider using sscanf_s instead. To disable deprecation, use _CRT_SECURE_NO_WARNINGS. See online help for details.
                 D:\Program Files (x86)\Microsoft Visual Studio 10.0\VC\include\stdio.h(325) : 参见“sscanf”的声明
     1>Util.cpp(677): warning C4996: 'sscanf': This function or variable may be unsafe. Consider using sscanf_s instead. To disable deprecation, use _CRT_SECURE_NO_WARNINGS. See online help for details.
                 D:\Program Files (x86)\Microsoft Visual Studio 10.0\VC\include\stdio.h(325) : 参见“sscanf”的声明
     1>Util.cpp(684): warning C4996: 'sscanf': This function or variable may be unsafe. Consider using sscanf_s instead. To disable deprecation, use _CRT_SECURE_NO_WARNINGS. See online help for details.
                 D:\Program Files (x86)\Microsoft Visual Studio 10.0\VC\include\stdio.h(325) : 参见“sscanf”的声明
     1>Util.cpp(691): warning C4996: 'sscanf': This function or variable may be unsafe. Consider using sscanf_s instead. To disable deprecation, use _CRT_SECURE_NO_WARNINGS. See online help for details.
                 D:\Program Files (x86)\Microsoft Visual Studio 10.0\VC\include\stdio.h(325) : 参见“sscanf”的声明
     1>Util.cpp(730): warning C4018: “<”: 有符号/无符号不匹配
     1>Util.cpp(735): warning C4018: “<”: 有符号/无符号不匹配
     1>Util.cpp(848): warning C4244: “=”: 从“float”转换到“int”，可能丢失数据
     1>Util.cpp(849): warning C4244: “=”: 从“float”转换到“int”，可能丢失数据
     1>Util.cpp(850): warning C4244: “=”: 从“float”转换到“int”，可能丢失数据
     1>Util.cpp(851): warning C4244: “=”: 从“float”转换到“int”，可能丢失数据
     1>Util.cpp(853): warning C4244: “=”: 从“int”转换到“float”，可能丢失数据
     1>Util.cpp(854): warning C4244: “=”: 从“int”转换到“float”，可能丢失数据
     1>Util.cpp(855): warning C4244: “=”: 从“int”转换到“float”，可能丢失数据
     1>Util.cpp(857): warning C4244: “=”: 从“int”转换到“float”，可能丢失数据
     1>Util.cpp(858): warning C4244: “=”: 从“int”转换到“float”，可能丢失数据
     1>Util.cpp(859): warning C4244: “=”: 从“int”转换到“float”，可能丢失数据
     1>Util.cpp(896): warning C4244: “初始化”: 从“double”转换到“float”，可能丢失数据
     1>Util.cpp(1000): warning C4996: 'fopen': This function or variable may be unsafe. Consider using fopen_s instead. To disable deprecation, use _CRT_SECURE_NO_WARNINGS. See online help for details.
                 D:\Program Files (x86)\Microsoft Visual Studio 10.0\VC\include\stdio.h(234) : 参见“fopen”的声明
     1>Util.cpp(1009): warning C4996: 'fopen': This function or variable may be unsafe. Consider using fopen_s instead. To disable deprecation, use _CRT_SECURE_NO_WARNINGS. See online help for details.
                 D:\Program Files (x86)\Microsoft Visual Studio 10.0\VC\include\stdio.h(234) : 参见“fopen”的声明
     1>Util.cpp(1034): warning C4018: “<”: 有符号/无符号不匹配
         public.cpp
     1>public.cpp(5): warning C4244: “=”: 从“double”转换到“float”，可能丢失数据
     1>public.cpp(6): warning C4244: “=”: 从“double”转换到“float”，可能丢失数据
         tinystr.cpp
         tinyxml.cpp
         tinyxmlerror.cpp
         tinyxmlparser.cpp
         正在生成代码...
         所有输出均为最新。
       ResourceCompile:
         所有输出均为最新。
       Link:
         D:\Program Files (x86)\Microsoft Visual Studio 10.0\VC\bin\link.exe /ERRORREPORT:PROMPT /OUT:"D:\FANGZHEN\RadiationOfSun\Debug\RadiationOfSun.exe" /INCREMENTAL /NOLOGO kernel32.lib user32.lib gdi32.lib winspool.lib comdlg32.lib advapi32.lib shell32.lib ole32.lib oleaut32.lib uuid.lib odbc32.lib odbccp32.lib /MANIFEST /ManifestFile:"Debug\RadiationOfSun.exe.intermediate.manifest" /MANIFESTUAC:"level='asInvoker' uiAccess='false'" /DEBUG /PDB:"D:\FANGZHEN\RadiationOfSun\Debug\RadiationOfSun.pdb" /ASSEMBLYDEBUG /SUBSYSTEM:CONSOLE /TLBID:1 /DYNAMICBASE /FIXED:NO /NXCOMPAT /MACHINE:X86 Debug\RadiationOfSun.res
         Debug\IRmodule.obj
         Debug\Model.obj
         Debug\public.obj
         Debug\RadiationOfSun.obj
         Debug\tinystr.obj
         Debug\tinyxml.obj
         Debug\tinyxmlerror.obj
         Debug\tinyxmlparser.obj
         Debug\TriangleFace.obj
         Debug\Util.obj
         "Debug\.NETFramework,Version=v4.0.AssemblyAttributes.obj"
         RadiationOfSun.vcxproj -> D:\FANGZHEN\RadiationOfSun\Debug\RadiationOfSun.exe
       Manifest:
         C:\Program Files (x86)\Microsoft SDKs\Windows\v7.0A\bin\mt.exe /nologo /verbose /outputresource:"D:\FANGZHEN\RadiationOfSun\Debug\RadiationOfSun.exe;#1" /manifest Debug\RadiationOfSun.exe.intermediate.manifest
       _CopyFilesMarkedCopyLocal:
         正在将文件从“X:\IpcCommu.dll”复制到“D:\FANGZHEN\RadiationOfSun\Debug\IpcCommu.dll”。
       FinalizeBuildStatus:
         正在删除文件“Debug\RadiationOfSun.unsuccessfulbuild”。
         正在对“Debug\RadiationOfSun.lastbuildstate”执行 Touch 任务。
     1>已完成生成项目“D:\FANGZHEN\RadiationOfSun\RadiationOfSun\RadiationOfSun.vcxproj”(build 个目标)的操作。

生成成功。

已用时间 00:00:09.13
