D:\FANGZHEN\RadiationOfSun\Debug\ATMLUT.dll
D:\FANGZHEN\RadiationOfSun\Debug\IpcCommu.dll
D:\FANGZHEN\RADIATIONOFSUN\DEBUG\RADIATIONOFSUN.EXE
D:\FANGZHEN\RADIATIONOFSUN\DEBUG\RADIATIONOFSUN.ILK
D:\FANGZHEN\RADIATIONOFSUN\DEBUG\RADIATIONOFSUN.PDB
D:\FANGZHEN\RADIATIONOFSUN\RADIATIONOFSUN\DEBUG\.NETFRAMEWORK,VERSION=V4.0.ASSEMBLYATTRIBUTES.OBJ
D:\FANGZHEN\RadiationOfSun\RadiationOfSun\Debug\cl.command.1.tlog
D:\FANGZHEN\RadiationOfSun\RadiationOfSun\Debug\CL.read.1.tlog
D:\FANGZHEN\RadiationOfSun\RadiationOfSun\Debug\CL.write.1.tlog
D:\FANGZHEN\RADIATIONOFSUN\RADIATIONOFSUN\DEBUG\IRMODULE.OBJ
D:\FANGZHEN\RadiationOfSun\RadiationOfSun\Debug\link.2712.read.1.tlog
D:\FANGZHEN\RadiationOfSun\RadiationOfSun\Debug\link.2712.write.1.tlog
D:\FANGZHEN\RadiationOfSun\RadiationOfSun\Debug\link.2712-cvtres.read.1.tlog
D:\FANGZHEN\RadiationOfSun\RadiationOfSun\Debug\link.2712-cvtres.write.1.tlog
D:\FANGZHEN\RadiationOfSun\RadiationOfSun\Debug\link.2904.read.1.tlog
D:\FANGZHEN\RadiationOfSun\RadiationOfSun\Debug\link.2904.write.1.tlog
D:\FANGZHEN\RadiationOfSun\RadiationOfSun\Debug\link.2904-cvtres.read.1.tlog
D:\FANGZHEN\RadiationOfSun\RadiationOfSun\Debug\link.2904-cvtres.write.1.tlog
D:\FANGZHEN\RadiationOfSun\RadiationOfSun\Debug\link.2988.read.1.tlog
D:\FANGZHEN\RadiationOfSun\RadiationOfSun\Debug\link.2988.write.1.tlog
D:\FANGZHEN\RadiationOfSun\RadiationOfSun\Debug\link.2988-cvtres.read.1.tlog
D:\FANGZHEN\RadiationOfSun\RadiationOfSun\Debug\link.2988-cvtres.write.1.tlog
D:\FANGZHEN\RadiationOfSun\RadiationOfSun\Debug\link.3084.read.1.tlog
D:\FANGZHEN\RadiationOfSun\RadiationOfSun\Debug\link.3084.write.1.tlog
D:\FANGZHEN\RadiationOfSun\RadiationOfSun\Debug\link.3084-cvtres.read.1.tlog
D:\FANGZHEN\RadiationOfSun\RadiationOfSun\Debug\link.3084-cvtres.write.1.tlog
D:\FANGZHEN\RadiationOfSun\RadiationOfSun\Debug\link.3216.read.1.tlog
D:\FANGZHEN\RadiationOfSun\RadiationOfSun\Debug\link.3216.write.1.tlog
D:\FANGZHEN\RadiationOfSun\RadiationOfSun\Debug\link.3216-cvtres.read.1.tlog
D:\FANGZHEN\RadiationOfSun\RadiationOfSun\Debug\link.3216-cvtres.write.1.tlog
D:\FANGZHEN\RadiationOfSun\RadiationOfSun\Debug\link.3252.read.1.tlog
D:\FANGZHEN\RadiationOfSun\RadiationOfSun\Debug\link.3252.write.1.tlog
D:\FANGZHEN\RadiationOfSun\RadiationOfSun\Debug\link.3252-cvtres.read.1.tlog
D:\FANGZHEN\RadiationOfSun\RadiationOfSun\Debug\link.3252-cvtres.write.1.tlog
D:\FANGZHEN\RadiationOfSun\RadiationOfSun\Debug\link.3308.read.1.tlog
D:\FANGZHEN\RadiationOfSun\RadiationOfSun\Debug\link.3308.write.1.tlog
D:\FANGZHEN\RadiationOfSun\RadiationOfSun\Debug\link.3308-cvtres.read.1.tlog
D:\FANGZHEN\RadiationOfSun\RadiationOfSun\Debug\link.3308-cvtres.write.1.tlog
D:\FANGZHEN\RadiationOfSun\RadiationOfSun\Debug\link.3504.read.1.tlog
D:\FANGZHEN\RadiationOfSun\RadiationOfSun\Debug\link.3504.write.1.tlog
D:\FANGZHEN\RadiationOfSun\RadiationOfSun\Debug\link.3504-cvtres.read.1.tlog
D:\FANGZHEN\RadiationOfSun\RadiationOfSun\Debug\link.3504-cvtres.write.1.tlog
D:\FANGZHEN\RadiationOfSun\RadiationOfSun\Debug\link.3556.read.1.tlog
D:\FANGZHEN\RadiationOfSun\RadiationOfSun\Debug\link.3556.write.1.tlog
D:\FANGZHEN\RadiationOfSun\RadiationOfSun\Debug\link.3556-cvtres.read.1.tlog
D:\FANGZHEN\RadiationOfSun\RadiationOfSun\Debug\link.3556-cvtres.write.1.tlog
D:\FANGZHEN\RadiationOfSun\RadiationOfSun\Debug\link.3720.read.1.tlog
D:\FANGZHEN\RadiationOfSun\RadiationOfSun\Debug\link.3720.write.1.tlog
D:\FANGZHEN\RadiationOfSun\RadiationOfSun\Debug\link.3720-cvtres.read.1.tlog
D:\FANGZHEN\RadiationOfSun\RadiationOfSun\Debug\link.3720-cvtres.write.1.tlog
D:\FANGZHEN\RadiationOfSun\RadiationOfSun\Debug\link.3736.read.1.tlog
D:\FANGZHEN\RadiationOfSun\RadiationOfSun\Debug\link.3736.write.1.tlog
D:\FANGZHEN\RadiationOfSun\RadiationOfSun\Debug\link.3736-cvtres.read.1.tlog
D:\FANGZHEN\RadiationOfSun\RadiationOfSun\Debug\link.3736-cvtres.write.1.tlog
D:\FANGZHEN\RadiationOfSun\RadiationOfSun\Debug\link.3772.read.1.tlog
D:\FANGZHEN\RadiationOfSun\RadiationOfSun\Debug\link.3772.write.1.tlog
D:\FANGZHEN\RadiationOfSun\RadiationOfSun\Debug\link.3772-cvtres.read.1.tlog
D:\FANGZHEN\RadiationOfSun\RadiationOfSun\Debug\link.3772-cvtres.write.1.tlog
D:\FANGZHEN\RadiationOfSun\RadiationOfSun\Debug\link.3796.read.1.tlog
D:\FANGZHEN\RadiationOfSun\RadiationOfSun\Debug\link.3796.write.1.tlog
D:\FANGZHEN\RadiationOfSun\RadiationOfSun\Debug\link.3796-cvtres.read.1.tlog
D:\FANGZHEN\RadiationOfSun\RadiationOfSun\Debug\link.3796-cvtres.write.1.tlog
D:\FANGZHEN\RadiationOfSun\RadiationOfSun\Debug\link.3952.read.1.tlog
D:\FANGZHEN\RadiationOfSun\RadiationOfSun\Debug\link.3952.write.1.tlog
D:\FANGZHEN\RadiationOfSun\RadiationOfSun\Debug\link.3952-cvtres.read.1.tlog
D:\FANGZHEN\RadiationOfSun\RadiationOfSun\Debug\link.3952-cvtres.write.1.tlog
D:\FANGZHEN\RadiationOfSun\RadiationOfSun\Debug\link.4008.read.1.tlog
D:\FANGZHEN\RadiationOfSun\RadiationOfSun\Debug\link.4008.write.1.tlog
D:\FANGZHEN\RadiationOfSun\RadiationOfSun\Debug\link.4008-cvtres.read.1.tlog
D:\FANGZHEN\RadiationOfSun\RadiationOfSun\Debug\link.4008-cvtres.write.1.tlog
D:\FANGZHEN\RadiationOfSun\RadiationOfSun\Debug\link.command.1.tlog
D:\FANGZHEN\RadiationOfSun\RadiationOfSun\Debug\link.read.1.tlog
D:\FANGZHEN\RadiationOfSun\RadiationOfSun\Debug\link.write.1.tlog
D:\FANGZHEN\RADIATIONOFSUN\RADIATIONOFSUN\DEBUG\MODEL.OBJ
D:\FANGZHEN\RadiationOfSun\RadiationOfSun\Debug\mt.command.1.tlog
D:\FANGZHEN\RadiationOfSun\RadiationOfSun\Debug\mt.read.1.tlog
D:\FANGZHEN\RadiationOfSun\RadiationOfSun\Debug\mt.write.1.tlog
D:\FANGZHEN\RADIATIONOFSUN\RADIATIONOFSUN\DEBUG\PUBLIC.OBJ
D:\FANGZHEN\RADIATIONOFSUN\RADIATIONOFSUN\DEBUG\RADIATIONOFSUN.EXE.INTERMEDIATE.MANIFEST
D:\FANGZHEN\RADIATIONOFSUN\RADIATIONOFSUN\DEBUG\RADIATIONOFSUN.OBJ
D:\FANGZHEN\RADIATIONOFSUN\RADIATIONOFSUN\DEBUG\RADIATIONOFSUN.RES
D:\FANGZHEN\RadiationOfSun\RadiationOfSun\Debug\RadiationOfSun.vcxprojResolveAssemblyReference.cache
D:\FANGZHEN\RadiationOfSun\RadiationOfSun\Debug\RadiationOfSun.write.1.tlog
D:\FANGZHEN\RadiationOfSun\RadiationOfSun\Debug\rc.command.1.tlog
D:\FANGZHEN\RadiationOfSun\RadiationOfSun\Debug\rc.read.1.tlog
D:\FANGZHEN\RadiationOfSun\RadiationOfSun\Debug\rc.write.1.tlog
D:\FANGZHEN\RADIATIONOFSUN\RADIATIONOFSUN\DEBUG\TINYSTR.OBJ
D:\FANGZHEN\RADIATIONOFSUN\RADIATIONOFSUN\DEBUG\TINYXML.OBJ
D:\FANGZHEN\RADIATIONOFSUN\RADIATIONOFSUN\DEBUG\TINYXMLERROR.OBJ
D:\FANGZHEN\RADIATIONOFSUN\RADIATIONOFSUN\DEBUG\TINYXMLPARSER.OBJ
D:\FANGZHEN\RADIATIONOFSUN\RADIATIONOFSUN\DEBUG\TRIANGLEFACE.OBJ
D:\FANGZHEN\RADIATIONOFSUN\RADIATIONOFSUN\DEBUG\UTIL.OBJ
D:\FANGZHEN\RADIATIONOFSUN\RADIATIONOFSUN\DEBUG\VC100.PDB
